<?xml version="1.0" encoding="UTF-8"?>
<testsuite name="com.example.myspringapp.DemoApplicationTests" tests="1" skipped="0" failures="0" errors="0" timestamp="2022-05-01T18:09:03" hostname="baseer-vbox" time="0.507">
  <properties/>
  <testcase name="contextLoads()" classname="com.example.myspringapp.DemoApplicationTests" time="0.507"/>
  <system-out><![CDATA[21:08:54.754 [Test worker] DEBUG org.springframework.test.context.BootstrapUtils - Instantiating CacheAwareContextLoaderDelegate from class [org.springframework.test.context.cache.DefaultCacheAwareContextLoaderDelegate]
21:08:54.793 [Test worker] DEBUG org.springframework.test.context.BootstrapUtils - Instantiating BootstrapContext using constructor [public org.springframework.test.context.support.DefaultBootstrapContext(java.lang.Class,org.springframework.test.context.CacheAwareContextLoaderDelegate)]
21:08:54.892 [Test worker] DEBUG org.springframework.test.context.BootstrapUtils - Instantiating TestContextBootstrapper for test class [com.example.myspringapp.DemoApplicationTests] from class [org.springframework.boot.test.context.SpringBootTestContextBootstrapper]
21:08:54.908 [Test worker] INFO org.springframework.boot.test.context.SpringBootTestContextBootstrapper - Neither @ContextConfiguration nor @ContextHierarchy found for test class [com.example.myspringapp.DemoApplicationTests], using SpringBootContextLoader
21:08:54.914 [Test worker] DEBUG org.springframework.test.context.support.AbstractContextLoader - Did not detect default resource location for test class [com.example.myspringapp.DemoApplicationTests]: class path resource [com/example/myspringapp/DemoApplicationTests-context.xml] does not exist
21:08:54.916 [Test worker] DEBUG org.springframework.test.context.support.AbstractContextLoader - Did not detect default resource location for test class [com.example.myspringapp.DemoApplicationTests]: class path resource [com/example/myspringapp/DemoApplicationTestsContext.groovy] does not exist
21:08:54.917 [Test worker] INFO org.springframework.test.context.support.AbstractContextLoader - Could not detect default resource locations for test class [com.example.myspringapp.DemoApplicationTests]: no resource found for suffixes {-context.xml, Context.groovy}.
21:08:54.918 [Test worker] INFO org.springframework.test.context.support.AnnotationConfigContextLoaderUtils - Could not detect default configuration classes for test class [com.example.myspringapp.DemoApplicationTests]: DemoApplicationTests does not declare any static, non-private, non-final, nested classes annotated with @Configuration.
21:08:54.989 [Test worker] DEBUG org.springframework.test.context.support.ActiveProfilesUtils - Could not find an 'annotation declaring class' for annotation type [org.springframework.test.context.ActiveProfiles] and class [com.example.myspringapp.DemoApplicationTests]
21:08:55.130 [Test worker] DEBUG org.springframework.context.annotation.ClassPathScanningCandidateComponentProvider - Identified candidate component class: file [/home/baseer/Documents/esi/tests/myspringapp/build/classes/java/main/com/example/myspringapp/DemoApplication.class]
21:08:55.149 [Test worker] INFO org.springframework.boot.test.context.SpringBootTestContextBootstrapper - Found @SpringBootConfiguration com.example.myspringapp.DemoApplication for test class com.example.myspringapp.DemoApplicationTests
21:08:55.317 [Test worker] DEBUG org.springframework.boot.test.context.SpringBootTestContextBootstrapper - @TestExecutionListeners is not present for class [com.example.myspringapp.DemoApplicationTests]: using defaults.
21:08:55.318 [Test worker] INFO org.springframework.boot.test.context.SpringBootTestContextBootstrapper - Loaded default TestExecutionListener class names from location [META-INF/spring.factories]: [org.springframework.boot.test.autoconfigure.restdocs.RestDocsTestExecutionListener, org.springframework.boot.test.autoconfigure.web.client.MockRestServiceServerResetTestExecutionListener, org.springframework.boot.test.autoconfigure.web.servlet.MockMvcPrintOnlyOnFailureTestExecutionListener, org.springframework.boot.test.autoconfigure.web.servlet.WebDriverTestExecutionListener, org.springframework.boot.test.autoconfigure.webservices.client.MockWebServiceServerTestExecutionListener, org.springframework.boot.test.mock.mockito.MockitoTestExecutionListener, org.springframework.boot.test.mock.mockito.ResetMocksTestExecutionListener, org.springframework.test.context.web.ServletTestExecutionListener, org.springframework.test.context.support.DirtiesContextBeforeModesTestExecutionListener, org.springframework.test.context.event.ApplicationEventsTestExecutionListener, org.springframework.test.context.support.DependencyInjectionTestExecutionListener, org.springframework.test.context.support.DirtiesContextTestExecutionListener, org.springframework.test.context.transaction.TransactionalTestExecutionListener, org.springframework.test.context.jdbc.SqlScriptsTestExecutionListener, org.springframework.test.context.event.EventPublishingTestExecutionListener]
21:08:55.348 [Test worker] INFO org.springframework.boot.test.context.SpringBootTestContextBootstrapper - Using TestExecutionListeners: [org.springframework.test.context.web.ServletTestExecutionListener@7829b776, org.springframework.test.context.support.DirtiesContextBeforeModesTestExecutionListener@5778826f, org.springframework.test.context.event.ApplicationEventsTestExecutionListener@5b64c4b7, org.springframework.boot.test.mock.mockito.MockitoTestExecutionListener@4763c727, org.springframework.boot.test.autoconfigure.SpringBootDependencyInjectionTestExecutionListener@72445aba, org.springframework.test.context.support.DirtiesContextTestExecutionListener@61bcd567, org.springframework.test.context.transaction.TransactionalTestExecutionListener@1c80e49b, org.springframework.test.context.jdbc.SqlScriptsTestExecutionListener@458342d3, org.springframework.test.context.event.EventPublishingTestExecutionListener@15c25153, org.springframework.boot.test.autoconfigure.restdocs.RestDocsTestExecutionListener@1252b961, org.springframework.boot.test.autoconfigure.web.client.MockRestServiceServerResetTestExecutionListener@9ed238c, org.springframework.boot.test.autoconfigure.web.servlet.MockMvcPrintOnlyOnFailureTestExecutionListener@56276db8, org.springframework.boot.test.autoconfigure.web.servlet.WebDriverTestExecutionListener@51e8e6e6, org.springframework.boot.test.autoconfigure.webservices.client.MockWebServiceServerTestExecutionListener@56f6d40b, org.springframework.boot.test.mock.mockito.ResetMocksTestExecutionListener@36676c1a]
21:08:55.360 [Test worker] DEBUG org.springframework.test.context.support.AbstractDirtiesContextTestExecutionListener - Before test class: context [DefaultTestContext@6b54655f testClass = DemoApplicationTests, testInstance = [null], testMethod = [null], testException = [null], mergedContextConfiguration = [WebMergedContextConfiguration@665e9289 testClass = DemoApplicationTests, locations = '{}', classes = '{class com.example.myspringapp.DemoApplication}', contextInitializerClasses = '[]', activeProfiles = '{}', propertySourceLocations = '{}', propertySourceProperties = '{org.springframework.boot.test.context.SpringBootTestContextBootstrapper=true}', contextCustomizers = set[org.springframework.boot.test.autoconfigure.actuate.metrics.MetricsExportContextCustomizerFactory$DisableMetricExportContextCustomizer@6af9fcb2, org.springframework.boot.test.autoconfigure.properties.PropertyMappingContextCustomizer@0, org.springframework.boot.test.autoconfigure.web.servlet.WebDriverContextCustomizerFactory$Customizer@3adcc812, org.springframework.boot.test.context.filter.ExcludeFilterContextCustomizer@a3d9978, org.springframework.boot.test.json.DuplicateJsonObjectContextCustomizerFactory$DuplicateJsonObjectContextCustomizer@3b96c42e, org.springframework.boot.test.mock.mockito.MockitoContextCustomizer@0, org.springframework.boot.test.web.client.TestRestTemplateContextCustomizer@764faa6, org.springframework.boot.test.context.SpringBootTestArgs@1, org.springframework.boot.test.context.SpringBootTestWebEnvironment@2f54a33d], resourceBasePath = 'src/main/webapp', contextLoader = 'org.springframework.boot.test.context.SpringBootContextLoader', parent = [null]], attributes = map['org.springframework.test.context.web.ServletTestExecutionListener.activateListener' -> true]], class annotated with @DirtiesContext [false] with mode [null].

  .   ____          _            __ _ _
 /\\ / ___'_ __ _ _(_)_ __  __ _ \ \ \ \
( ( )\___ | '_ | '_| | '_ \/ _` | \ \ \ \
 \\/  ___)| |_)| | | | | || (_| |  ) ) ) )
  '  |____| .__|_| |_|_| |_\__, | / / / /
 =========|_|==============|___/=/_/_/_/
 :: Spring Boot ::                (v2.6.7)

2022-05-01 21:08:56.186  INFO 37159 --- [    Test worker] c.e.myspringapp.DemoApplicationTests     : Starting DemoApplicationTests using Java 11.0.15 on baseer-vbox with PID 37159 (started by baseer in /home/baseer/Documents/esi/tests/myspringapp)
2022-05-01 21:08:56.188  INFO 37159 --- [    Test worker] c.e.myspringapp.DemoApplicationTests     : No active profile set, falling back to 1 default profile: "default"
2022-05-01 21:08:57.592  INFO 37159 --- [    Test worker] .s.d.r.c.RepositoryConfigurationDelegate : Bootstrapping Spring Data JPA repositories in DEFAULT mode.
2022-05-01 21:08:57.615  INFO 37159 --- [    Test worker] .s.d.r.c.RepositoryConfigurationDelegate : Finished Spring Data repository scanning in 14 ms. Found 0 JPA repository interfaces.
2022-05-01 21:08:59.065  INFO 37159 --- [    Test worker] com.zaxxer.hikari.HikariDataSource       : HikariPool-1 - Starting...
2022-05-01 21:08:59.411  INFO 37159 --- [    Test worker] com.zaxxer.hikari.HikariDataSource       : HikariPool-1 - Start completed.
2022-05-01 21:08:59.568  INFO 37159 --- [    Test worker] o.hibernate.jpa.internal.util.LogHelper  : HHH000204: Processing PersistenceUnitInfo [name: default]
2022-05-01 21:08:59.684  INFO 37159 --- [    Test worker] org.hibernate.Version                    : HHH000412: Hibernate ORM core version 5.6.8.Final
2022-05-01 21:08:59.980  INFO 37159 --- [    Test worker] o.hibernate.annotations.common.Version   : HCANN000001: Hibernate Commons Annotations {5.1.2.Final}
2022-05-01 21:09:00.429  INFO 37159 --- [    Test worker] org.hibernate.dialect.Dialect            : HHH000400: Using dialect: org.hibernate.dialect.H2Dialect
2022-05-01 21:09:00.932  INFO 37159 --- [    Test worker] o.h.e.t.j.p.i.JtaPlatformInitiator       : HHH000490: Using JtaPlatform implementation: [org.hibernate.engine.transaction.jta.platform.internal.NoJtaPlatform]
2022-05-01 21:09:00.970  INFO 37159 --- [    Test worker] j.LocalContainerEntityManagerFactoryBean : Initialized JPA EntityManagerFactory for persistence unit 'default'
2022-05-01 21:09:01.555  WARN 37159 --- [    Test worker] JpaBaseConfiguration$JpaWebConfiguration : spring.jpa.open-in-view is enabled by default. Therefore, database queries may be performed during view rendering. Explicitly configure spring.jpa.open-in-view to disable this warning
2022-05-01 21:09:02.983  INFO 37159 --- [    Test worker] c.e.myspringapp.DemoApplicationTests     : Started DemoApplicationTests in 7.547 seconds (JVM running for 10.204)
]]></system-out>
  <system-err><![CDATA[]]></system-err>
</testsuite>
